Step: build-step-credential-initializer:

{"level":"warn","ts":1548957618.4424717,"logger":"fallback-logger","caller":"logging/config.go:65","msg":"Fetch GitHub commit ID from kodata failed: \"ref: refs/heads/test\" is not a valid GitHub commit ID"}
{"level":"info","ts":1548957618.443048,"logger":"fallback-logger","caller":"creds-init/main.go:40","msg":"Credentials initialized."}
Step: build-step-git-source-0:

{"level":"warn","ts":1548957619.3715057,"logger":"fallback-logger","caller":"logging/config.go:65","msg":"Fetch GitHub commit ID from kodata failed: \"ref: refs/heads/test\" is not a valid GitHub commit ID"}
{"level":"info","ts":1548957621.9763486,"logger":"fallback-logger","caller":"git-init/main.go:92","msg":"Successfully cloned \"https://github.com/rasppl/lb-helloworld-docker.git\" @ \"76ba3c6fb249548fb142097a1158ec914f1d13ed\" in path \"/workspace\""}
Step: build-step-jenkins:

Picked up _JAVA_OPTIONS: -Xmx400m
Started
Running in Durability level: PERFORMANCE_OPTIMIZED
  19.258 [id=34]	WARNING	i.f.k.c.i.VersionUsageUtils#alert: The client is using resource type 'customresourcedefinitions' with unstable version 'v1beta1'
[Pipeline] node
Running on Jenkins in /tmp/jenkinsTests.tmp/jenkins1185772511209130736test/workspace/job
[Pipeline] {
[Pipeline] stage
[Pipeline] { (Declarative: Checkout SCM)
[Pipeline] checkout
[Pipeline] }
[Pipeline] // stage
[Pipeline] withCredentials
[Pipeline] {
[Pipeline] withEnv
[Pipeline] {
[Pipeline] stage
[Pipeline] { (CI Build and push snapshot)
Stage "CI Build and push snapshot" skipped due to when conditional
[Pipeline] }
[Pipeline] // stage
[Pipeline] stage
[Pipeline] { (Build Release)
[Pipeline] git
 > git rev-parse --is-inside-work-tree # timeout=10
Fetching changes from the remote Git repository
 > git config remote.origin.url https://github.com/rasppl/lb-helloworld-docker.git # timeout=10
Fetching upstream changes from https://github.com/rasppl/lb-helloworld-docker.git
 > git --version # timeout=10
 > git fetch --tags --progress https://github.com/rasppl/lb-helloworld-docker.git +refs/heads/*:refs/remotes/origin/*
 > git rev-parse refs/remotes/origin/master^{commit} # timeout=10
 > git rev-parse refs/remotes/origin/origin/master^{commit} # timeout=10
Checking out Revision 76ba3c6fb249548fb142097a1158ec914f1d13ed (refs/remotes/origin/master)
 > git config core.sparsecheckout # timeout=10
 > git checkout -f 76ba3c6fb249548fb142097a1158ec914f1d13ed
 > git branch -a -v --no-abbrev # timeout=10
 > git branch -D master # timeout=10
 > git checkout -b master 76ba3c6fb249548fb142097a1158ec914f1d13ed
Commit message: "fixing project name"
First time build. Skipping changelog.
[Pipeline] sh
+ jx-release-version
+ echo 0.0.1
[Pipeline] sh
+ cat VERSION
+ jx step tag --version 0.0.1
Tag v0.0.1 created and pushed to remote origin
[Pipeline] sh
+ npm install
added 433 packages in 11.289s
[Pipeline] sh
+ CI=true DISPLAY=:99 npm test

> lb-hello-docker@1.0.0 test /tmp/jenkinsTests.tmp/jenkins1185772511209130736test/workspace/job
> echo 'Error: no test specified'

Error: no test specified

> lb-hello-docker@1.0.0 posttest /tmp/jenkinsTests.tmp/jenkins1185772511209130736test/workspace/job
> npm run lint


> lb-hello-docker@1.0.0 lint /tmp/jenkinsTests.tmp/jenkins1185772511209130736test/workspace/job
> eslint .


/tmp/jenkinsTests.tmp/jenkins1185772511209130736test/workspace/job/common/models/message.js
  1:1  error  Use the global form of 'use strict'  strict

âœ– 1 problem (1 error, 0 warnings)

npm ERR! code ELIFECYCLE
npm ERR! errno 1
npm ERR! lb-hello-docker@1.0.0 lint: `eslint .`
npm ERR! Exit status 1
npm ERR! 
npm ERR! Failed at the lb-hello-docker@1.0.0 lint script.
npm ERR! This is probably not a problem with npm. There is likely additional logging output above.

npm ERR! A complete log of this run can be found in:
npm ERR!     /builder/home/.npm/_logs/2019-01-31T18_01_20_919Z-debug.log
npm ERR! Test failed.  See above for more details.
[Pipeline] }
[Pipeline] // stage
[Pipeline] stage
[Pipeline] { (Promote to Environments)
Stage "Promote to Environments" skipped due to earlier failure(s)
[Pipeline] }
[Pipeline] // stage
[Pipeline] }
[Pipeline] // withEnv
[Pipeline] }
[Pipeline] // withCredentials
[Pipeline] }
[Pipeline] // node
[Pipeline] End of Pipeline
ERROR: script returned exit code 1
Finished: FAILURE
